Oct-14 18:53:51.820 [main] DEBUG nextflow.cli.Launcher - $> nextflow run . -profile production
Oct-14 18:53:51.973 [main] INFO  nextflow.cli.CmdRun - N E X T F L O W  ~  version 23.04.4
Oct-14 18:53:52.004 [main] DEBUG nextflow.plugin.PluginsFacade - Setting up plugin manager > mode=prod; embedded=false; plugins-dir=/root/.nextflow/plugins; core-plugins: nf-amazon@1.16.2,nf-azure@1.0.1,nf-codecommit@0.1.4,nf-console@1.0.5,nf-ga4gh@1.0.5,nf-google@1.7.3-patch1,nf-tower@1.5.12,nf-wave@0.8.4
Oct-14 18:53:52.020 [main] INFO  org.pf4j.DefaultPluginStatusProvider - Enabled plugins: []
Oct-14 18:53:52.021 [main] INFO  org.pf4j.DefaultPluginStatusProvider - Disabled plugins: []
Oct-14 18:53:52.028 [main] INFO  org.pf4j.DefaultPluginManager - PF4J version 3.4.1 in 'deployment' mode
Oct-14 18:53:52.059 [main] INFO  org.pf4j.AbstractPluginManager - No plugins
Oct-14 18:53:53.772 [main] DEBUG nextflow.config.ConfigBuilder - Found config local: /home/defrondevillec/nextflow/nextflow.config
Oct-14 18:53:53.774 [main] DEBUG nextflow.config.ConfigBuilder - Parsing config file: /home/defrondevillec/nextflow/nextflow.config
Oct-14 18:53:53.791 [main] DEBUG nextflow.config.ConfigBuilder - Applying config profile: `production`
Oct-14 18:53:53.990 [main] DEBUG nextflow.config.ConfigBuilder - Available config profiles: [production]
Oct-14 18:53:54.075 [main] DEBUG nextflow.cli.CmdRun - Applied DSL=2 by global default
Oct-14 18:53:54.121 [main] INFO  nextflow.cli.CmdRun - Launching `./main.nf` [cranky_yalow] DSL2 - revision: fedc98891f
Oct-14 18:53:54.122 [main] DEBUG nextflow.plugin.PluginsFacade - Plugins default=[]
Oct-14 18:53:54.122 [main] DEBUG nextflow.plugin.PluginsFacade - Plugins resolved requirement=[]
Oct-14 18:53:54.140 [main] DEBUG nextflow.secret.LocalSecretsProvider - Secrets store: /root/.nextflow/secrets/store.json
Oct-14 18:53:54.145 [main] DEBUG nextflow.secret.SecretsLoader - Discovered secrets providers: [nextflow.secret.LocalSecretsProvider@43d9f1a2] - activable => nextflow.secret.LocalSecretsProvider@43d9f1a2
Oct-14 18:53:54.419 [main] DEBUG nextflow.Session - Session UUID: e66bf3cf-ec71-4d56-baa5-cab621f28d70
Oct-14 18:53:54.419 [main] DEBUG nextflow.Session - Run name: cranky_yalow
Oct-14 18:53:54.420 [main] DEBUG nextflow.Session - Executor pool size: 12
Oct-14 18:53:54.579 [main] DEBUG nextflow.util.ThreadPoolBuilder - Creating thread pool 'FileTransfer' minSize=10; maxSize=36; workQueue=LinkedBlockingQueue[10000]; allowCoreThreadTimeout=false
Oct-14 18:53:54.618 [main] DEBUG nextflow.cli.CmdRun - 
  Version: 23.04.4 build 5881
  Created: 25-09-2023 15:34 UTC (11:34 EDT)
  System: Linux 5.15.90.1-microsoft-standard-WSL2
  Runtime: Groovy 3.0.16 on OpenJDK 64-Bit Server VM 11.0.20.1+1-post-Ubuntu-0ubuntu120.04
  Encoding: UTF-8 (UTF-8)
  Process: 19916@DESKTOP-9O0EJ2B [127.0.1.1]
  CPUs: 12 - Mem: 7.6 GB (4.2 GB) - Swap: 2 GB (2 GB)
Oct-14 18:53:54.661 [main] DEBUG nextflow.Session - Work-dir: /home/defrondevillec/nextflow/work [ext2/ext3]
Oct-14 18:53:54.661 [main] DEBUG nextflow.Session - Script base path does not exist or is not a directory: /home/defrondevillec/nextflow/bin
Oct-14 18:53:54.678 [main] DEBUG nextflow.executor.ExecutorFactory - Extension executors providers=[]
Oct-14 18:53:54.704 [main] DEBUG nextflow.Session - Observer factory: DefaultObserverFactory
Oct-14 18:53:54.737 [main] DEBUG nextflow.cache.CacheFactory - Using Nextflow cache factory: nextflow.cache.DefaultCacheFactory
Oct-14 18:53:54.756 [main] DEBUG nextflow.util.CustomThreadPool - Creating default thread pool > poolSize: 13; maxThreads: 1000
Oct-14 18:53:54.896 [main] DEBUG nextflow.Session - Session start
Oct-14 18:53:55.125 [main] DEBUG nextflow.script.ScriptRunner - > Launching execution
Oct-14 18:53:55.579 [main] DEBUG nextflow.script.ProcessConfig - Config settings `withLabel:docker_core` matches labels `docker_core` for process with name processProtein
Oct-14 18:53:55.602 [main] DEBUG nextflow.executor.ExecutorFactory - << taskConfig executor: null
Oct-14 18:53:55.602 [main] DEBUG nextflow.executor.ExecutorFactory - >> processorType: 'local'
Oct-14 18:53:55.610 [main] DEBUG nextflow.executor.Executor - [warm up] executor > local
Oct-14 18:53:55.619 [main] DEBUG n.processor.LocalPollingMonitor - Creating local task monitor for executor 'local' > cpus=12; memory=7.6 GB; capacity=12; pollInterval=100ms; dumpInterval=5m
Oct-14 18:53:55.805 [main] DEBUG nextflow.Session - Workflow process names [dsl2]: processProtein, extractProteins
Oct-14 18:53:55.806 [main] DEBUG nextflow.Session - Igniting dataflow network (1)
Oct-14 18:53:55.806 [main] DEBUG nextflow.processor.TaskProcessor - Starting process > processProtein
Oct-14 18:53:55.808 [main] DEBUG nextflow.script.ScriptRunner - > Awaiting termination 
Oct-14 18:53:55.808 [main] DEBUG nextflow.Session - Session await
Oct-14 18:53:56.178 [Task submitter] DEBUG n.executor.local.LocalTaskHandler - Launch cmd line: /bin/bash -ue .command.run
Oct-14 18:53:56.185 [Task submitter] INFO  nextflow.Session - [02/787781] Submitted process > processProtein
Oct-14 18:53:57.674 [Task monitor] DEBUG n.processor.TaskPollingMonitor - Task completed > TaskHandler[id: 1; name: processProtein; status: COMPLETED; exit: 0; error: -; workDir: /home/defrondevillec/nextflow/work/02/787781786b6116fdbbfe7d848ac36c]
Oct-14 18:53:57.692 [main] DEBUG nextflow.Session - Session await > all processes finished
Oct-14 18:53:57.693 [main] DEBUG nextflow.Session - Session await > all barriers passed
Oct-14 18:53:57.706 [main] DEBUG nextflow.trace.WorkflowStatsObserver - Workflow completed > WorkflowStats[succeededCount=1; failedCount=0; ignoredCount=0; cachedCount=0; pendingCount=0; submittedCount=0; runningCount=0; retriesCount=0; abortedCount=0; succeedDuration=1.4s; failedDuration=0ms; cachedDuration=0ms;loadCpus=0; loadMemory=0; peakRunning=1; peakCpus=1; peakMemory=1 GB; ]
Oct-14 18:53:57.895 [main] DEBUG nextflow.cache.CacheDB - Closing CacheDB done
Oct-14 18:53:57.979 [main] DEBUG nextflow.util.ThreadPoolManager - Thread pool 'FileTransfer' shutdown completed (hard=false)
Oct-14 18:53:57.979 [main] DEBUG nextflow.script.ScriptRunner - > Execution complete -- Goodbye
